<?xml version="1.0" encoding="UTF-8"?>
<testsuite xmlns:xsi="http://www.w3.org/2001/XMLSchema-instance" xsi:noNamespaceSchemaLocation="https://maven.apache.org/surefire/maven-surefire-plugin/xsd/surefire-test-report-3.0.xsd" version="3.0" name="com.reservas.estructuras.StackTest" time="0.009" tests="7" errors="0" skipped="0" failures="0">
  <properties>
[...]
</properties>
  <testcase name="popShouldFollowLifoOrder" classname="com.reservas.estructuras.StackTest" time="0.002"/>
  <testcase name="popOnEmptyStackShouldThrowEmptyStructureException" classname="com.reservas.estructuras.StackTest" time="0.001"/>
  <testcase name="peekOnEmptyStackShouldThrowEmptyStructureException" classname="com.reservas.estructuras.StackTest" time="0.001"/>
  <testcase name="containsShouldFindExistingAndRejectMissingElements" classname="com.reservas.estructuras.StackTest" time="0.0"/>
  <testcase name="pushShouldInsertElementsOnTop" classname="com.reservas.estructuras.StackTest" time="0.0"/>
  <testcase name="clearShouldEmptyTheStack" classname="com.reservas.estructuras.StackTest" time="0.0"/>
  <testcase name="newStackShouldBeEmpty" classname="com.reservas.estructuras.StackTest" time="0.001"/>
</testsuite>